[2021-01-21 15:55:04.073] [DEBUG] basicRoute - http://10.20.46.23:9999/default/bpm-rest-api/task/f97cb7d9-5bc4-11eb-b0b0-0050568c22a6
[2021-01-21 15:55:04.219] [DEBUG] bpm - http://localhost:843/forms/EHS/Modification/Manage_Modification/Update.html
[2021-01-21 15:55:04.219] [DEBUG] bpm - { update: 'OK',
  VoucherID: '79A20425B28F443BBB8DFE3320786AC8',
  hseFireAgree: 'NO',
  hseDivisionManagerDenyReason: 'abc',
  hseFactoryManager: 'FEPVNN0482',
  hseDivisionManagerApprovalReason: 'aaaaaaaaaaaaaaaaaaaaaaaaaaaaaaaaaaaaaaaa',
  hseEnvironmentAgree: 'YES',
  hseSafetyAgree: 'NO',
  LeaderArray: [ 'FEPVNN0089', 'FEPVNN0026' ],
  hseManagerDenyReason: 'aaaaaaaaaaaaaaaaaccccccccccccccccccccccccccc',
  start_remark: '5VACQ0201211-001 _ 5VEXXHR041-02: test',
  hseDivisionManager: 'FEPVNN0122,FEPVNN0383,FEPV000559',
  hseDivisionManagerAgree: 'YES',
  hseSafety: 'FEPV002093',
  hseFire: 'FEPV004764',
  LeaderDenyReason: 'aaaa',
  hseEnvironmentDenyReason: 'thiếu file',
  initiator: 'FEPV001682',
  hseManagerAgree: 'NO',
  hseFireDenyReason: 'aaaaaaaaaaaaaaaaa',
  VoucherType: 'MD',
  hseSafetyDenyReason: 'abc',
  LeaderAgree: 'YES',
  hseEnvironment: 'FEPV000096' }
[2021-01-21 15:55:22.283] [DEBUG] basicRoute - http://10.20.46.23:9999/default/bpm-rest-api/task/f97cb7d9-5bc4-11eb-b0b0-0050568c22a6
[2021-01-21 15:55:22.431] [DEBUG] bpm - http://localhost:843/forms/EHS/Modification/Manage_Modification/Update.html
[2021-01-21 15:55:22.431] [DEBUG] bpm - { update: 'OK',
  VoucherID: '79A20425B28F443BBB8DFE3320786AC8',
  hseFireAgree: 'NO',
  hseDivisionManagerDenyReason: 'abc',
  hseFactoryManager: 'FEPVNN0482',
  hseDivisionManagerApprovalReason: 'aaaaaaaaaaaaaaaaaaaaaaaaaaaaaaaaaaaaaaaa',
  hseEnvironmentAgree: 'YES',
  hseSafetyAgree: 'NO',
  LeaderArray: [ 'FEPVNN0089', 'FEPVNN0026' ],
  hseManagerDenyReason: 'aaaaaaaaaaaaaaaaaccccccccccccccccccccccccccc',
  start_remark: '5VACQ0201211-001 _ 5VEXXHR041-02: test',
  hseDivisionManager: 'FEPVNN0122,FEPVNN0383,FEPV000559',
  hseDivisionManagerAgree: 'YES',
  hseSafety: 'FEPV002093',
  hseFire: 'FEPV004764',
  LeaderDenyReason: 'aaaa',
  hseEnvironmentDenyReason: 'thiếu file',
  initiator: 'FEPV001682',
  hseManagerAgree: 'NO',
  hseFireDenyReason: 'aaaaaaaaaaaaaaaaa',
  VoucherType: 'MD',
  hseSafetyDenyReason: 'abc',
  LeaderAgree: 'YES',
  hseEnvironment: 'FEPV000096' }
[2021-01-21 15:55:50.315] [DEBUG] basicRoute - http://10.20.46.23:9999/default/bpm-rest-api/task/f97cb7d9-5bc4-11eb-b0b0-0050568c22a6
[2021-01-21 15:55:50.533] [DEBUG] bpm - http://localhost:843/forms/EHS/Modification/Manage_Modification/Update.html
[2021-01-21 15:55:50.533] [DEBUG] bpm - { update: 'OK',
  VoucherID: '79A20425B28F443BBB8DFE3320786AC8',
  hseFireAgree: 'NO',
  hseDivisionManagerDenyReason: 'abc',
  hseFactoryManager: 'FEPVNN0482',
  hseDivisionManagerApprovalReason: 'aaaaaaaaaaaaaaaaaaaaaaaaaaaaaaaaaaaaaaaa',
  hseEnvironmentAgree: 'YES',
  hseSafetyAgree: 'NO',
  LeaderArray: [ 'FEPVNN0089', 'FEPVNN0026' ],
  hseManagerDenyReason: 'aaaaaaaaaaaaaaaaaccccccccccccccccccccccccccc',
  start_remark: '5VACQ0201211-001 _ 5VEXXHR041-02: test',
  hseDivisionManager: 'FEPVNN0122,FEPVNN0383,FEPV000559',
  hseDivisionManagerAgree: 'YES',
  hseSafety: 'FEPV002093',
  hseFire: 'FEPV004764',
  LeaderDenyReason: 'aaaa',
  hseEnvironmentDenyReason: 'thiếu file',
  initiator: 'FEPV001682',
  hseManagerAgree: 'NO',
  hseFireDenyReason: 'aaaaaaaaaaaaaaaaa',
  VoucherType: 'MD',
  hseSafetyDenyReason: 'abc',
  LeaderAgree: 'YES',
  hseEnvironment: 'FEPV000096' }
[2021-01-21 15:56:08.923] [DEBUG] basicRoute - http://10.20.46.23:9999/default/bpm-rest-api/task/f97cb7d9-5bc4-11eb-b0b0-0050568c22a6
[2021-01-21 15:56:09.050] [DEBUG] bpm - http://localhost:843/forms/EHS/Modification/Manage_Modification/Update.html
[2021-01-21 15:56:09.051] [DEBUG] bpm - { update: 'OK',
  VoucherID: '79A20425B28F443BBB8DFE3320786AC8',
  hseFireAgree: 'NO',
  hseDivisionManagerDenyReason: 'abc',
  hseFactoryManager: 'FEPVNN0482',
  hseDivisionManagerApprovalReason: 'aaaaaaaaaaaaaaaaaaaaaaaaaaaaaaaaaaaaaaaa',
  hseEnvironmentAgree: 'YES',
  hseSafetyAgree: 'NO',
  LeaderArray: [ 'FEPVNN0089', 'FEPVNN0026' ],
  hseManagerDenyReason: 'aaaaaaaaaaaaaaaaaccccccccccccccccccccccccccc',
  start_remark: '5VACQ0201211-001 _ 5VEXXHR041-02: test',
  hseDivisionManager: 'FEPVNN0122,FEPVNN0383,FEPV000559',
  hseDivisionManagerAgree: 'YES',
  hseSafety: 'FEPV002093',
  hseFire: 'FEPV004764',
  LeaderDenyReason: 'aaaa',
  hseEnvironmentDenyReason: 'thiếu file',
  initiator: 'FEPV001682',
  hseManagerAgree: 'NO',
  hseFireDenyReason: 'aaaaaaaaaaaaaaaaa',
  VoucherType: 'MD',
  hseSafetyDenyReason: 'abc',
  LeaderAgree: 'YES',
  hseEnvironment: 'FEPV000096' }
[2021-02-24 09:05:27.099] [INFO] app - -nodejs opening---
[2021-03-06 08:55:24.834] [INFO] app - -nodejs opening---
[2021-03-10 21:04:44.629] [INFO] app - -nodejs opening---
[2021-03-10 21:07:26.805] [DEBUG] basicRoute - http://10.20.46.23:9999/default/bpm-rest-api/task/c4da27a7-4973-11eb-b0b0-0050568c22a6
[2021-03-10 21:07:26.992] [DEBUG] bpm - http://localhost:843/forms/ContractorQua/safe.html
[2021-03-10 21:07:26.992] [DEBUG] bpm - { eventStart_Employer: 'V20120004',
  safetyleader: [ 'FEPV002622,FEPV000571,FEPV003618' ],
  eventStart_IdCard: 
   [ '144166957',
     '[DocIde2140ede665661c4ad800d1bc774debeNamee2140ede665661c4ad800d1bc774debepngOldNameE20030378pngFolderNameuploadsFileTypeimagepngStamp2020-03-25T091946823ZUserIdFEPV004070hashKey3WL]',
     '[]',
     '331237408',
     '293358090',
     '300907758',
     '352596959',
     '187206415',
     '301704805',
     '172401680',
     '022188004494',
     '187248779',
     '175015074',
     '290796537',
     '280827960',
     '173628298',
     '280852417',
     'G50471684',
     'E47907301',
     '281312109',
     '385069552',
     '281312108',
     '280939633',
     '280605613',
     '280939865',
     '281009696' ],
  initiator: 'FEPV004070',
  eventCheck_passOrNot: 'YES',
  start_remark: 'NHÀ THẦU IT',
  agree: 'YES',
  checker: [ 'FEPVNN0025' ] }
[2021-03-10 21:07:57.084] [DEBUG] basicRoute - http://10.20.46.23:9999/default/bpm-rest-api/task/c4da27a7-4973-11eb-b0b0-0050568c22a6
[2021-03-10 21:07:57.328] [TRACE] basicRoute - error: 404
[2021-03-10 21:08:04.884] [DEBUG] basicRoute - http://10.20.46.23:9999/default/bpm-rest-api/task/76b54379-50b7-11eb-b0b0-0050568c22a6
[2021-03-10 21:08:05.045] [DEBUG] bpm - http://localhost:843/forms/ContractorQua/safe.html
[2021-03-10 21:08:05.045] [DEBUG] bpm - { eventStart_Employer: 'V21010001',
  safetyleader: [ 'FEPV002622,FEPV000571,FEPV003618' ],
  eventStart_IdCard: [ '211786849' ],
  initiator: 'FEPV002354',
  eventCheck_passOrNot: 'YES',
  start_remark: 'HOA NGUYÊN',
  agree: 'YES',
  checker: [ 'FEPVNN0174' ] }
[2021-03-10 21:08:57.517] [DEBUG] basicRoute - http://10.20.46.23:9999/default/bpm-rest-api/task/8e0e632a-7bd5-11eb-9984-0050568c22a6
[2021-03-10 21:08:57.735] [DEBUG] bpm - http://localhost:843/forms/ContractorQua/safe.html
[2021-03-10 21:08:57.735] [DEBUG] bpm - { eventStart_Employer: 'V21030001',
  safetyleader: [ 'FEPV002622,FEPV000571,FEPV003618' ],
  eventStart_IdCard: 
   [ '38089004984',
     '271613998',
     '363621375',
     '370950924',
     '245448729',
     '245383475',
     '173894131',
     '385424030',
     '272703562',
     '38092005594',
     '1869075576',
     '184116680',
     '245448589',
     '186695799',
     '186770828',
     '38090003002',
     '38086009596',
     '186298100',
     '186942327',
     '038089004984' ],
  initiator: 'FEPV002354',
  eventCheck_passOrNot: 'YES',
  start_remark: 'HOA NGUYÊN',
  agree: 'YES',
  checker: [ 'FEPVNN0174' ] }
[2021-03-10 21:09:30.553] [DEBUG] basicRoute - http://10.20.46.23:9999/default/bpm-rest-api/task/8e0e632a-7bd5-11eb-9984-0050568c22a6
[2021-03-10 21:09:30.692] [DEBUG] bpm - http://localhost:843/forms/ContractorQua/safe.html
[2021-03-10 21:09:30.692] [DEBUG] bpm - { eventStart_Employer: 'V21030001',
  safetyleader: [ 'FEPV002622,FEPV000571,FEPV003618' ],
  eventStart_IdCard: 
   [ '38089004984',
     '271613998',
     '363621375',
     '370950924',
     '245448729',
     '245383475',
     '173894131',
     '385424030',
     '272703562',
     '38092005594',
     '1869075576',
     '184116680',
     '245448589',
     '186695799',
     '186770828',
     '38090003002',
     '38086009596',
     '186298100',
     '186942327',
     '038089004984' ],
  initiator: 'FEPV002354',
  eventCheck_passOrNot: 'YES',
  start_remark: 'HOA NGUYÊN',
  agree: 'YES',
  checker: [ 'FEPVNN0174' ] }
[2021-03-10 21:09:59.525] [DEBUG] basicRoute - http://10.20.46.23:9999/default/bpm-rest-api/task/3c3f3298-81aa-11eb-9984-0050568c22a6
[2021-03-10 21:09:59.629] [DEBUG] bpm - http://localhost:843/forms/ContractorQua/modify.html
[2021-03-10 21:09:59.629] [DEBUG] bpm - { eventStart_Employer: 'V21030001',
  safetyleader: [ 'FEPV002622,FEPV000571,FEPV003618' ],
  eventStart_IdCard: 
   [ '38089004984',
     '271613998',
     '363621375',
     '370950924',
     '245448729',
     '245383475',
     '173894131',
     '385424030',
     '272703562',
     '38092005594',
     '1869075576',
     '184116680',
     '245448589',
     '186695799',
     '186770828',
     '38090003002',
     '38086009596',
     '186298100',
     '186942327',
     '038089004984' ],
  eventSafe_passOrNot: 'NO',
  initiator: 'FEPV002354',
  agree4Safe: 'NO',
  eventCheck_passOrNot: 'YES',
  start_remark: 'HOA NGUYÊN',
  agree: 'YES',
  checker: [ 'FEPVNN0174' ],
  eventSafe_advice: 'abc' }
[2021-03-12 22:57:33.487] [INFO] app - -nodejs opening---
[2021-03-13 08:44:02.372] [INFO] app - -nodejs opening---
[2021-03-16 08:34:49.108] [INFO] app - -nodejs opening---
[2021-03-22 16:11:34.259] [INFO] app - -nodejs opening---
[2021-04-17 13:19:47.643] [INFO] app - -nodejs opening---
